Analysis & Elaboration report for hw3
Tue May 03 02:31:17 2022
Quartus Prime Version 18.1.0 Build 625 09/12/2018 SJ Lite Edition


---------------------
; Table of Contents ;
---------------------
  1. Legal Notice
  2. Analysis & Elaboration Summary
  3. Parallel Compilation
  4. Parameter Settings for User Entity Instance: Top-level Entity: |AM2302_master
  5. Analysis & Elaboration Settings
  6. Analysis & Elaboration Messages
  7. Analysis & Elaboration Suppressed Messages



----------------
; Legal Notice ;
----------------
Copyright (C) 2018  Intel Corporation. All rights reserved.
Your use of Intel Corporation's design tools, logic functions 
and other software and tools, and its AMPP partner logic 
functions, and any output files from any of the foregoing 
(including device programming or simulation files), and any 
associated documentation or information are expressly subject 
to the terms and conditions of the Intel Program License 
Subscription Agreement, the Intel Quartus Prime License Agreement,
the Intel FPGA IP License Agreement, or other applicable license
agreement, including, without limitation, that your use is for
the sole purpose of programming logic devices manufactured by
Intel and sold by Intel or its authorized distributors.  Please
refer to the applicable agreement for further details.



+----------------------------------------------------------------------------------+
; Analysis & Elaboration Summary                                                   ;
+------------------------------------+---------------------------------------------+
; Analysis & Elaboration Status      ; Successful - Tue May 03 02:31:17 2022       ;
; Quartus Prime Version              ; 18.1.0 Build 625 09/12/2018 SJ Lite Edition ;
; Revision Name                      ; hw3                                         ;
; Top-level Entity Name              ; AM2302_master                               ;
; Family                             ; Cyclone IV E                                ;
; Total logic elements               ; N/A until Partition Merge                   ;
;     Total combinational functions  ; N/A until Partition Merge                   ;
;     Dedicated logic registers      ; N/A until Partition Merge                   ;
; Total registers                    ; N/A until Partition Merge                   ;
; Total pins                         ; N/A until Partition Merge                   ;
; Total virtual pins                 ; N/A until Partition Merge                   ;
; Total memory bits                  ; N/A until Partition Merge                   ;
; Embedded Multiplier 9-bit elements ; N/A until Partition Merge                   ;
; Total PLLs                         ; N/A until Partition Merge                   ;
+------------------------------------+---------------------------------------------+


+------------------------------------------+
; Parallel Compilation                     ;
+----------------------------+-------------+
; Processors                 ; Number      ;
+----------------------------+-------------+
; Number detected on machine ; 16          ;
; Maximum allowed            ; 16          ;
;                            ;             ;
; Average used               ; 1.00        ;
; Maximum used               ; 1           ;
;                            ;             ;
; Usage by Processor         ; % Time Used ;
;     Processor 1            ; 100.0%      ;
+----------------------------+-------------+


+-------------------------------------------------------------------------------+
; Parameter Settings for User Entity Instance: Top-level Entity: |AM2302_master ;
+----------------+-------+------------------------------------------------------+
; Parameter Name ; Value ; Type                                                 ;
+----------------+-------+------------------------------------------------------+
; idle           ; 000   ; Unsigned Binary                                      ;
; init           ; 001   ; Unsigned Binary                                      ;
; hi_z           ; 010   ; Unsigned Binary                                      ;
; square         ; 011   ; Unsigned Binary                                      ;
; receive        ; 100   ; Unsigned Binary                                      ;
; finish         ; 101   ; Unsigned Binary                                      ;
; real_fin       ; 110   ; Unsigned Binary                                      ;
; ready          ; 0     ; Unsigned Binary                                      ;
; fetch          ; 1     ; Unsigned Binary                                      ;
+----------------+-------+------------------------------------------------------+
Note: In order to hide this table in the UI and the text report file, please set the "Show Parameter Settings in Synthesis Report" option in "Analysis and Synthesis Settings -> More Settings" to "Off".


+------------------------------------------------------------------------------------------------------------+
; Analysis & Elaboration Settings                                                                            ;
+------------------------------------------------------------------+--------------------+--------------------+
; Option                                                           ; Setting            ; Default Value      ;
+------------------------------------------------------------------+--------------------+--------------------+
; Device                                                           ; EP4CE115F29C7      ;                    ;
; Top-level entity name                                            ; AM2302_master      ; hw3                ;
; Family name                                                      ; Cyclone IV E       ; Cyclone V          ;
; Use smart compilation                                            ; Off                ; Off                ;
; Enable parallel Assembler and Timing Analyzer during compilation ; On                 ; On                 ;
; Enable compact report table                                      ; Off                ; Off                ;
; Restructure Multiplexers                                         ; Auto               ; Auto               ;
; Create Debugging Nodes for IP Cores                              ; Off                ; Off                ;
; Preserve fewer node names                                        ; On                 ; On                 ;
; Intel FPGA IP Evaluation Mode                                    ; Enable             ; Enable             ;
; Verilog Version                                                  ; Verilog_2001       ; Verilog_2001       ;
; VHDL Version                                                     ; VHDL_1993          ; VHDL_1993          ;
; State Machine Processing                                         ; Auto               ; Auto               ;
; Safe State Machine                                               ; Off                ; Off                ;
; Extract Verilog State Machines                                   ; On                 ; On                 ;
; Extract VHDL State Machines                                      ; On                 ; On                 ;
; Ignore Verilog initial constructs                                ; Off                ; Off                ;
; Iteration limit for constant Verilog loops                       ; 5000               ; 5000               ;
; Iteration limit for non-constant Verilog loops                   ; 250                ; 250                ;
; Add Pass-Through Logic to Inferred RAMs                          ; On                 ; On                 ;
; Infer RAMs from Raw Logic                                        ; On                 ; On                 ;
; Parallel Synthesis                                               ; On                 ; On                 ;
; DSP Block Balancing                                              ; Auto               ; Auto               ;
; NOT Gate Push-Back                                               ; On                 ; On                 ;
; Power-Up Don't Care                                              ; On                 ; On                 ;
; Remove Redundant Logic Cells                                     ; Off                ; Off                ;
; Remove Duplicate Registers                                       ; On                 ; On                 ;
; Ignore CARRY Buffers                                             ; Off                ; Off                ;
; Ignore CASCADE Buffers                                           ; Off                ; Off                ;
; Ignore GLOBAL Buffers                                            ; Off                ; Off                ;
; Ignore ROW GLOBAL Buffers                                        ; Off                ; Off                ;
; Ignore LCELL Buffers                                             ; Off                ; Off                ;
; Ignore SOFT Buffers                                              ; On                 ; On                 ;
; Limit AHDL Integers to 32 Bits                                   ; Off                ; Off                ;
; Optimization Technique                                           ; Balanced           ; Balanced           ;
; Carry Chain Length                                               ; 70                 ; 70                 ;
; Auto Carry Chains                                                ; On                 ; On                 ;
; Auto Open-Drain Pins                                             ; On                 ; On                 ;
; Perform WYSIWYG Primitive Resynthesis                            ; Off                ; Off                ;
; Auto ROM Replacement                                             ; On                 ; On                 ;
; Auto RAM Replacement                                             ; On                 ; On                 ;
; Auto DSP Block Replacement                                       ; On                 ; On                 ;
; Auto Shift Register Replacement                                  ; Auto               ; Auto               ;
; Allow Shift Register Merging across Hierarchies                  ; Auto               ; Auto               ;
; Auto Clock Enable Replacement                                    ; On                 ; On                 ;
; Strict RAM Replacement                                           ; Off                ; Off                ;
; Allow Synchronous Control Signals                                ; On                 ; On                 ;
; Force Use of Synchronous Clear Signals                           ; Off                ; Off                ;
; Auto RAM Block Balancing                                         ; On                 ; On                 ;
; Auto RAM to Logic Cell Conversion                                ; Off                ; Off                ;
; Auto Resource Sharing                                            ; Off                ; Off                ;
; Allow Any RAM Size For Recognition                               ; Off                ; Off                ;
; Allow Any ROM Size For Recognition                               ; Off                ; Off                ;
; Allow Any Shift Register Size For Recognition                    ; Off                ; Off                ;
; Use LogicLock Constraints during Resource Balancing              ; On                 ; On                 ;
; Ignore translate_off and synthesis_off directives                ; Off                ; Off                ;
; Timing-Driven Synthesis                                          ; On                 ; On                 ;
; Report Parameter Settings                                        ; On                 ; On                 ;
; Report Source Assignments                                        ; On                 ; On                 ;
; Report Connectivity Checks                                       ; On                 ; On                 ;
; Ignore Maximum Fan-Out Assignments                               ; Off                ; Off                ;
; Synchronization Register Chain Length                            ; 2                  ; 2                  ;
; Power Optimization During Synthesis                              ; Normal compilation ; Normal compilation ;
; HDL message level                                                ; Level2             ; Level2             ;
; Suppress Register Optimization Related Messages                  ; Off                ; Off                ;
; Number of Removed Registers Reported in Synthesis Report         ; 5000               ; 5000               ;
; Number of Swept Nodes Reported in Synthesis Report               ; 5000               ; 5000               ;
; Number of Inverted Registers Reported in Synthesis Report        ; 100                ; 100                ;
; Clock MUX Protection                                             ; On                 ; On                 ;
; Auto Gated Clock Conversion                                      ; Off                ; Off                ;
; Block Design Naming                                              ; Auto               ; Auto               ;
; SDC constraint protection                                        ; Off                ; Off                ;
; Synthesis Effort                                                 ; Auto               ; Auto               ;
; Shift Register Replacement - Allow Asynchronous Clear Signal     ; On                 ; On                 ;
; Pre-Mapping Resynthesis Optimization                             ; Off                ; Off                ;
; Analysis & Synthesis Message Level                               ; Medium             ; Medium             ;
; Disable Register Merging Across Hierarchies                      ; Auto               ; Auto               ;
; Resource Aware Inference For Block RAM                           ; On                 ; On                 ;
+------------------------------------------------------------------+--------------------+--------------------+


+---------------------------------+
; Analysis & Elaboration Messages ;
+---------------------------------+
Info: *******************************************************************
Info: Running Quartus Prime Analysis & Elaboration
    Info: Version 18.1.0 Build 625 09/12/2018 SJ Lite Edition
    Info: Processing started: Tue May 03 02:31:01 2022
Info: Command: quartus_map --read_settings_files=on --write_settings_files=off hw3 -c hw3 --analysis_and_elaboration
Warning (18236): Number of processors has not been specified which may cause overloading on shared machines.  Set the global assignment NUM_PARALLEL_PROCESSORS in your QSF to an appropriate value for best performance.
Info (20030): Parallel compilation is enabled and will use 16 of the 16 processors detected
Info (12021): Found 0 design units, including 0 entities, in source file dw8051/dw8051/dw8051_parameter.v
Info (12021): Found 1 design units, including 1 entities, in source file dw8051/rom_mem.v
    Info (12023): Found entity 1: rom_mem File: D:/Digital_Logic_Design/Normal/Homework 3/Normal_HW3/DW8051/rom_mem.v Line: 1
Info (12021): Found 1 design units, including 1 entities, in source file dw8051/int_mem.v
    Info (12023): Found entity 1: int_mem File: D:/Digital_Logic_Design/Normal/Homework 3/Normal_HW3/DW8051/int_mem.v Line: 2
Info (12021): Found 1 design units, including 1 entities, in source file dw8051/ext_mem.v
    Info (12023): Found entity 1: ext_mem File: D:/Digital_Logic_Design/Normal/Homework 3/Normal_HW3/DW8051/ext_mem.v Line: 1
Info (12021): Found 1 design units, including 1 entities, in source file dw8051/dw8051_updn_ctr.v
    Info (12023): Found entity 1: DW8051_updn_ctr File: D:/Digital_Logic_Design/Normal/Homework 3/Normal_HW3/DW8051/DW8051_updn_ctr.v Line: 42
Info (12021): Found 1 design units, including 1 entities, in source file dw8051/dw8051_u_ctr_clr.v
    Info (12023): Found entity 1: DW8051_u_ctr_clr File: D:/Digital_Logic_Design/Normal/Homework 3/Normal_HW3/DW8051/DW8051_u_ctr_clr.v Line: 35
Info (12021): Found 1 design units, including 1 entities, in source file dw8051/dw8051_timer2.v
    Info (12023): Found entity 1: DW8051_timer2 File: D:/Digital_Logic_Design/Normal/Homework 3/Normal_HW3/DW8051/DW8051_timer2.v Line: 33
Info (12021): Found 1 design units, including 1 entities, in source file dw8051/dw8051_timer_ctr.v
    Info (12023): Found entity 1: DW8051_timer_ctr File: D:/Digital_Logic_Design/Normal/Homework 3/Normal_HW3/DW8051/DW8051_timer_ctr.v Line: 35
Info (12021): Found 1 design units, including 1 entities, in source file dw8051/dw8051_timer.v
    Info (12023): Found entity 1: DW8051_timer File: D:/Digital_Logic_Design/Normal/Homework 3/Normal_HW3/DW8051/DW8051_timer.v Line: 35
Info (12021): Found 1 design units, including 1 entities, in source file dw8051/dw8051_shftreg.v
    Info (12023): Found entity 1: DW8051_shftreg File: D:/Digital_Logic_Design/Normal/Homework 3/Normal_HW3/DW8051/DW8051_shftreg.v Line: 41
Info (12021): Found 1 design units, including 1 entities, in source file dw8051/dw8051_serial.v
    Info (12023): Found entity 1: DW8051_serial File: D:/Digital_Logic_Design/Normal/Homework 3/Normal_HW3/DW8051/DW8051_serial.v Line: 33
Warning (10463): Verilog HDL Declaration warning at DW8051_op_decoder.v(50): "int" is SystemVerilog-2005 keyword File: D:/Digital_Logic_Design/Normal/Homework 3/Normal_HW3/DW8051/DW8051_op_decoder.v Line: 50
Warning (10463): Verilog HDL Declaration warning at DW8051_op_decoder.v(346): "int" is SystemVerilog-2005 keyword File: D:/Digital_Logic_Design/Normal/Homework 3/Normal_HW3/DW8051/DW8051_op_decoder.v Line: 346
Info (12021): Found 1 design units, including 1 entities, in source file dw8051/dw8051_op_decoder.v
    Info (12023): Found entity 1: DW8051_op_decoder File: D:/Digital_Logic_Design/Normal/Homework 3/Normal_HW3/DW8051/DW8051_op_decoder.v Line: 37
Info (12021): Found 1 design units, including 1 entities, in source file dw8051/dw8051_main_regs.v
    Info (12023): Found entity 1: DW8051_main_regs File: D:/Digital_Logic_Design/Normal/Homework 3/Normal_HW3/DW8051/DW8051_main_regs.v Line: 31
Info (12021): Found 1 design units, including 1 entities, in source file dw8051/dw8051_intr_1.v
    Info (12023): Found entity 1: DW8051_intr_1 File: D:/Digital_Logic_Design/Normal/Homework 3/Normal_HW3/DW8051/DW8051_intr_1.v Line: 42
Info (12021): Found 1 design units, including 1 entities, in source file dw8051/dw8051_intr_0.v
    Info (12023): Found entity 1: DW8051_intr_0 File: D:/Digital_Logic_Design/Normal/Homework 3/Normal_HW3/DW8051/DW8051_intr_0.v Line: 38
Info (12021): Found 1 design units, including 1 entities, in source file dw8051/dw8051_cpu.v
    Info (12023): Found entity 1: DW8051_cpu File: D:/Digital_Logic_Design/Normal/Homework 3/Normal_HW3/DW8051/DW8051_cpu.v Line: 35
Warning (10335): Unrecognized synthesis attribute "dc_script_begin" at DW8051/DW8051_core.v(107) File: D:/Digital_Logic_Design/Normal/Homework 3/Normal_HW3/DW8051/DW8051_core.v Line: 107
Warning (10335): Unrecognized synthesis attribute "dc_script_end" at DW8051/DW8051_core.v(109) File: D:/Digital_Logic_Design/Normal/Homework 3/Normal_HW3/DW8051/DW8051_core.v Line: 109
Info (12021): Found 1 design units, including 1 entities, in source file dw8051/dw8051_core.v
    Info (12023): Found entity 1: DW8051_core File: D:/Digital_Logic_Design/Normal/Homework 3/Normal_HW3/DW8051/DW8051_core.v Line: 40
Info (12021): Found 1 design units, including 1 entities, in source file dw8051/dw8051_control.v
    Info (12023): Found entity 1: DW8051_control File: D:/Digital_Logic_Design/Normal/Homework 3/Normal_HW3/DW8051/DW8051_control.v Line: 73
Info (12021): Found 1 design units, including 1 entities, in source file dw8051/dw8051_biu.v
    Info (12023): Found entity 1: DW8051_biu File: D:/Digital_Logic_Design/Normal/Homework 3/Normal_HW3/DW8051/DW8051_biu.v Line: 39
Info (12021): Found 1 design units, including 1 entities, in source file dw8051/dw8051_alu.v
    Info (12023): Found entity 1: DW8051_alu File: D:/Digital_Logic_Design/Normal/Homework 3/Normal_HW3/DW8051/DW8051_alu.v Line: 34
Info (12021): Found 1 design units, including 1 entities, in source file dw8051/dw02_mult.v
    Info (12023): Found entity 1: DW02_mult File: D:/Digital_Logic_Design/Normal/Homework 3/Normal_HW3/DW8051/DW02_mult.v Line: 33
Info (12021): Found 1 design units, including 1 entities, in source file dw8051/dw01_sub.v
    Info (12023): Found entity 1: DW01_sub File: D:/Digital_Logic_Design/Normal/Homework 3/Normal_HW3/DW8051/DW01_sub.v Line: 31
Info (12021): Found 1 design units, including 1 entities, in source file dw8051/dw01_cmp2.v
    Info (12023): Found entity 1: DW01_cmp2 File: D:/Digital_Logic_Design/Normal/Homework 3/Normal_HW3/DW8051/DW01_cmp2.v Line: 31
Info (12021): Found 1 design units, including 1 entities, in source file dw8051/dw01_addsub.v
    Info (12023): Found entity 1: DW01_addsub File: D:/Digital_Logic_Design/Normal/Homework 3/Normal_HW3/DW8051/DW01_addsub.v Line: 36
Info (12021): Found 1 design units, including 1 entities, in source file dw8051/dw01_add.v
    Info (12023): Found entity 1: DW01_add File: D:/Digital_Logic_Design/Normal/Homework 3/Normal_HW3/DW8051/DW01_add.v Line: 31
Info (12021): Found 1 design units, including 1 entities, in source file tb_8051.v
    Info (12023): Found entity 1: tb_8051 File: D:/Digital_Logic_Design/Normal/Homework 3/Normal_HW3/tb_8051.v Line: 2
Info (12021): Found 1 design units, including 1 entities, in source file edge_detect.v
    Info (12023): Found entity 1: edge_detect File: D:/Digital_Logic_Design/Normal/Homework 3/Normal_HW3/edge_detect.v Line: 2
Warning (10229): Verilog HDL Expression warning at AM2302_master.v(101): truncated literal to match 12 bits File: D:/Digital_Logic_Design/Normal/Homework 3/Normal_HW3/AM2302_master.v Line: 101
Warning (10229): Verilog HDL Expression warning at AM2302_master.v(191): truncated literal to match 12 bits File: D:/Digital_Logic_Design/Normal/Homework 3/Normal_HW3/AM2302_master.v Line: 191
Info (12021): Found 1 design units, including 1 entities, in source file am2302_master.v
    Info (12023): Found entity 1: AM2302_master File: D:/Digital_Logic_Design/Normal/Homework 3/Normal_HW3/AM2302_master.v Line: 1
Info (12021): Found 1 design units, including 1 entities, in source file am2302.v
    Info (12023): Found entity 1: AM2302 File: D:/Digital_Logic_Design/Normal/Homework 3/Normal_HW3/AM2302.v Line: 4
Warning (10236): Verilog HDL Implicit Net warning at tb_8051.v(115): created implicit net for "mem_wr_n" File: D:/Digital_Logic_Design/Normal/Homework 3/Normal_HW3/tb_8051.v Line: 115
Warning (10236): Verilog HDL Implicit Net warning at AM2302.v(43): created implicit net for "wire_a" File: D:/Digital_Logic_Design/Normal/Homework 3/Normal_HW3/AM2302.v Line: 43
Info (12127): Elaborating entity "AM2302_master" for the top level hierarchy
Info (12128): Elaborating entity "edge_detect" for hierarchy "edge_detect:edge_sda" File: D:/Digital_Logic_Design/Normal/Homework 3/Normal_HW3/AM2302_master.v Line: 32
Info (144001): Generated suppressed messages file D:/Digital_Logic_Design/Normal/Homework 3/Normal_HW3/output_files/hw3.map.smsg
Info: Quartus Prime Analysis & Elaboration was successful. 0 errors, 9 warnings
    Info: Peak virtual memory: 4715 megabytes
    Info: Processing ended: Tue May 03 02:31:17 2022
    Info: Elapsed time: 00:00:16
    Info: Total CPU time (on all processors): 00:00:22


+--------------------------------------------+
; Analysis & Elaboration Suppressed Messages ;
+--------------------------------------------+
The suppressed messages can be found in D:/Digital_Logic_Design/Normal/Homework 3/Normal_HW3/output_files/hw3.map.smsg.


